2020-12-31 10:03:15.405 - INFO  [           main] o.s.b.StartupInfoLogger        : Starting ShiroApplication on MS-VCOFWXPKBFER with PID 7180 (D:\Code\Project\my\shiro\target\classes started by Administrator in D:\Code\Project\my\shiro)
2020-12-31 10:03:15.415 - INFO  [           main] o.s.b.SpringApplication        : The following profiles are active: shiro,option,db
2020-12-31 10:03:15.450 - INFO  [           main] c.s.AbstractApplicationContext : Refreshing org.springframework.boot.web.servlet.context.AnnotationConfigServletWebServerApplicationContext@69ee81fc: startup date [Thu Dec 31 10:03:15 CST 2020]; root of context hierarchy
2020-12-31 10:03:16.133 - INFO  [           main] egate$BeanPostProcessorChecker : Bean 'org.springframework.transaction.annotation.ProxyTransactionManagementConfiguration' of type [org.springframework.transaction.annotation.ProxyTransactionManagementConfiguration$$EnhancerBySpringCGLIB$$e2c80ede] is not eligible for getting processed by all BeanPostProcessors (for example: not eligible for auto-proxying)
2020-12-31 10:03:16.233 - INFO  [           main] egate$BeanPostProcessorChecker : Bean 'shiroConfiguration' of type [com.jacques.shiro.shiro.ShiroConfiguration$$EnhancerBySpringCGLIB$$1f942fff] is not eligible for getting processed by all BeanPostProcessors (for example: not eligible for auto-proxying)
2020-12-31 10:03:16.263 - INFO  [           main] egate$BeanPostProcessorChecker : Bean 'org.springframework.boot.context.properties.ConversionServiceDeducer$Factory' of type [org.springframework.boot.context.properties.ConversionServiceDeducer$Factory] is not eligible for getting processed by all BeanPostProcessors (for example: not eligible for auto-proxying)
2020-12-31 10:03:16.342 - INFO  [           main] egate$BeanPostProcessorChecker : Bean 'mybatis-org.mybatis.spring.boot.autoconfigure.MybatisProperties' of type [org.mybatis.spring.boot.autoconfigure.MybatisProperties] is not eligible for getting processed by all BeanPostProcessors (for example: not eligible for auto-proxying)
2020-12-31 10:03:16.350 - INFO  [           main] egate$BeanPostProcessorChecker : Bean 'org.mybatis.spring.boot.autoconfigure.MybatisAutoConfiguration' of type [org.mybatis.spring.boot.autoconfigure.MybatisAutoConfiguration$$EnhancerBySpringCGLIB$$159c600e] is not eligible for getting processed by all BeanPostProcessors (for example: not eligible for auto-proxying)
2020-12-31 10:03:16.354 - INFO  [           main] egate$BeanPostProcessorChecker : Bean 'org.springframework.boot.autoconfigure.jdbc.DataSourceConfiguration$Hikari' of type [org.springframework.boot.autoconfigure.jdbc.DataSourceConfiguration$Hikari] is not eligible for getting processed by all BeanPostProcessors (for example: not eligible for auto-proxying)
2020-12-31 10:03:16.364 - INFO  [           main] egate$BeanPostProcessorChecker : Bean 'spring.datasource-org.springframework.boot.autoconfigure.jdbc.DataSourceProperties' of type [org.springframework.boot.autoconfigure.jdbc.DataSourceProperties] is not eligible for getting processed by all BeanPostProcessors (for example: not eligible for auto-proxying)
2020-12-31 10:03:16.385 - INFO  [           main] egate$BeanPostProcessorChecker : Bean 'dataSource' of type [com.zaxxer.hikari.HikariDataSource] is not eligible for getting processed by all BeanPostProcessors (for example: not eligible for auto-proxying)
2020-12-31 10:03:16.394 - INFO  [           main] egate$BeanPostProcessorChecker : Bean 'org.springframework.boot.autoconfigure.jdbc.DataSourceInitializerInvoker' of type [org.springframework.boot.autoconfigure.jdbc.DataSourceInitializerInvoker] is not eligible for getting processed by all BeanPostProcessors (for example: not eligible for auto-proxying)
2020-12-31 10:03:16.548 - INFO  [           main] egate$BeanPostProcessorChecker : Bean 'sqlSessionFactory' of type [org.apache.ibatis.session.defaults.DefaultSqlSessionFactory] is not eligible for getting processed by all BeanPostProcessors (for example: not eligible for auto-proxying)
2020-12-31 10:03:16.559 - INFO  [           main] egate$BeanPostProcessorChecker : Bean 'sqlSessionTemplate' of type [org.mybatis.spring.SqlSessionTemplate] is not eligible for getting processed by all BeanPostProcessors (for example: not eligible for auto-proxying)
2020-12-31 10:03:16.561 - INFO  [           main] egate$BeanPostProcessorChecker : Bean 'userDao' of type [org.mybatis.spring.mapper.MapperFactoryBean] is not eligible for getting processed by all BeanPostProcessors (for example: not eligible for auto-proxying)
2020-12-31 10:03:16.564 - INFO  [           main] egate$BeanPostProcessorChecker : Bean 'userDao' of type [com.sun.proxy.$Proxy90] is not eligible for getting processed by all BeanPostProcessors (for example: not eligible for auto-proxying)
2020-12-31 10:03:16.567 - INFO  [           main] egate$BeanPostProcessorChecker : Bean 'userService' of type [com.jacques.shiro.service.UserService] is not eligible for getting processed by all BeanPostProcessors (for example: not eligible for auto-proxying)
2020-12-31 10:03:16.594 - INFO  [           main] egate$BeanPostProcessorChecker : Bean 'roleDao' of type [org.mybatis.spring.mapper.MapperFactoryBean] is not eligible for getting processed by all BeanPostProcessors (for example: not eligible for auto-proxying)
2020-12-31 10:03:16.594 - INFO  [           main] egate$BeanPostProcessorChecker : Bean 'roleDao' of type [com.sun.proxy.$Proxy92] is not eligible for getting processed by all BeanPostProcessors (for example: not eligible for auto-proxying)
2020-12-31 10:03:16.596 - INFO  [           main] egate$BeanPostProcessorChecker : Bean 'roleService' of type [com.jacques.shiro.service.RoleService] is not eligible for getting processed by all BeanPostProcessors (for example: not eligible for auto-proxying)
2020-12-31 10:03:16.602 - INFO  [           main] egate$BeanPostProcessorChecker : Bean 'permissionMapper' of type [org.mybatis.spring.mapper.MapperFactoryBean] is not eligible for getting processed by all BeanPostProcessors (for example: not eligible for auto-proxying)
2020-12-31 10:03:16.604 - INFO  [           main] egate$BeanPostProcessorChecker : Bean 'permissionMapper' of type [com.sun.proxy.$Proxy93] is not eligible for getting processed by all BeanPostProcessors (for example: not eligible for auto-proxying)
2020-12-31 10:03:16.604 - INFO  [           main] egate$BeanPostProcessorChecker : Bean 'permissionService' of type [com.jacques.shiro.service.PermissionService] is not eligible for getting processed by all BeanPostProcessors (for example: not eligible for auto-proxying)
2020-12-31 10:03:16.608 - INFO  [           main] egate$BeanPostProcessorChecker : Bean 'getPermissionRealm' of type [com.jacques.shiro.shiro.realm.PermissionRealm] is not eligible for getting processed by all BeanPostProcessors (for example: not eligible for auto-proxying)
2020-12-31 10:03:16.741 - INFO  [           main] egate$BeanPostProcessorChecker : Bean 'getSecurityManager' of type [org.apache.shiro.web.mgt.DefaultWebSecurityManager] is not eligible for getting processed by all BeanPostProcessors (for example: not eligible for auto-proxying)
2020-12-31 10:03:16.751 - INFO  [           main] egate$BeanPostProcessorChecker : Bean 'authorizationAttributeSourceAdvisor' of type [org.apache.shiro.spring.security.interceptor.AuthorizationAttributeSourceAdvisor] is not eligible for getting processed by all BeanPostProcessors (for example: not eligible for auto-proxying)
2020-12-31 10:03:17.089 - INFO  [           main] o.s.b.w.e.t.TomcatWebServer    : Tomcat initialized with port(s): 10001 (http)
2020-12-31 10:03:17.100 - INFO  [           main] o.a.j.l.DirectJDKLog           : Initializing ProtocolHandler ["http-nio-10001"]
2020-12-31 10:03:17.108 - INFO  [           main] o.a.j.l.DirectJDKLog           : Starting service [Tomcat]
2020-12-31 10:03:17.109 - INFO  [           main] o.a.j.l.DirectJDKLog           : Starting Servlet Engine: Apache Tomcat/8.5.34
2020-12-31 10:03:17.111 - INFO  [ost-startStop-1] o.a.j.l.DirectJDKLog           : Loaded APR based Apache Tomcat Native library [1.2.24] using APR version [1.7.0].
2020-12-31 10:03:17.111 - INFO  [ost-startStop-1] o.a.j.l.DirectJDKLog           : APR capabilities: IPv6 [true], sendfile [true], accept filters [false], random [true].
2020-12-31 10:03:17.112 - INFO  [ost-startStop-1] o.a.j.l.DirectJDKLog           : APR/OpenSSL configuration: useAprConnector [false], useOpenSSL [true]
2020-12-31 10:03:17.116 - INFO  [ost-startStop-1] o.a.j.l.DirectJDKLog           : OpenSSL successfully initialized [OpenSSL 1.1.1g  21 Apr 2020]
2020-12-31 10:03:17.200 - INFO  [ost-startStop-1] o.a.j.l.DirectJDKLog           : Initializing Spring embedded WebApplicationContext
2020-12-31 10:03:17.200 - INFO  [ost-startStop-1] letWebServerApplicationContext : Root WebApplicationContext: initialization completed in 1750 ms
2020-12-31 10:03:17.265 - INFO  [ost-startStop-1] .b.w.s.ServletRegistrationBean : Servlet dispatcherServlet mapped to [/]
2020-12-31 10:03:17.268 - INFO  [ost-startStop-1] AbstractFilterRegistrationBean : Mapping filter: 'characterEncodingFilter' to: [/*]
2020-12-31 10:03:17.268 - INFO  [ost-startStop-1] AbstractFilterRegistrationBean : Mapping filter: 'hiddenHttpMethodFilter' to: [/*]
2020-12-31 10:03:17.269 - INFO  [ost-startStop-1] AbstractFilterRegistrationBean : Mapping filter: 'httpPutFormContentFilter' to: [/*]
2020-12-31 10:03:17.269 - INFO  [ost-startStop-1] AbstractFilterRegistrationBean : Mapping filter: 'requestContextFilter' to: [/*]
2020-12-31 10:03:17.269 - INFO  [ost-startStop-1] AbstractFilterRegistrationBean : Mapping filter: 'shiroFilter' to: [/*]
2020-12-31 10:03:17.523 - INFO  [           main] .s.h.AbstractUrlHandlerMapping : Mapped URL path [/**/favicon.ico] onto handler of type [class org.springframework.web.servlet.resource.ResourceHttpRequestHandler]
2020-12-31 10:03:17.689 - INFO  [           main] a.RequestMappingHandlerAdapter : Looking for @ControllerAdvice: org.springframework.boot.web.servlet.context.AnnotationConfigServletWebServerApplicationContext@69ee81fc: startup date [Thu Dec 31 10:03:15 CST 2020]; root of context hierarchy
2020-12-31 10:03:17.734 - INFO  [           main] rMethodMapping$MappingRegistry : Mapped "{[/permission/queryList],methods=[POST]}" onto public com.jacques.shiro.entity.Result com.jacques.shiro.controller.PermissionController.queryList(com.jacques.shiro.pojo.Permission,int,int)
2020-12-31 10:03:17.735 - INFO  [           main] rMethodMapping$MappingRegistry : Mapped "{[/role/queryList],methods=[POST]}" onto public com.jacques.shiro.entity.Result com.jacques.shiro.controller.RoleController.queryList(com.jacques.shiro.pojo.Role,int,int)
2020-12-31 10:03:17.736 - INFO  [           main] rMethodMapping$MappingRegistry : Mapped "{[/syslog/queryList],methods=[POST]}" onto public com.jacques.shiro.entity.Result com.jacques.shiro.controller.SysLogController.queryList(com.jacques.shiro.pojo.SysLog,int,int)
2020-12-31 10:03:17.738 - INFO  [           main] rMethodMapping$MappingRegistry : Mapped "{[/user/details],methods=[GET]}" onto public com.jacques.shiro.entity.Result<com.jacques.shiro.pojo.User> com.jacques.shiro.controller.UserController.details()
2020-12-31 10:03:17.738 - INFO  [           main] rMethodMapping$MappingRegistry : Mapped "{[/user/queryList],methods=[POST]}" onto public com.jacques.shiro.entity.Result<com.github.pagehelper.PageInfo<com.jacques.shiro.pojo.User>> com.jacques.shiro.controller.UserController.queryList(com.jacques.shiro.pojo.User,int,int)
2020-12-31 10:03:17.738 - INFO  [           main] rMethodMapping$MappingRegistry : Mapped "{[/user/upd],methods=[GET]}" onto public com.jacques.shiro.entity.Result<java.lang.String> com.jacques.shiro.controller.UserController.upd()
2020-12-31 10:03:17.739 - INFO  [           main] rMethodMapping$MappingRegistry : Mapped "{[/user/import],methods=[POST]}" onto public com.jacques.shiro.entity.Result<java.lang.String> com.jacques.shiro.controller.UserController.importUser(org.springframework.web.multipart.MultipartFile) throws java.io.IOException
2020-12-31 10:03:17.739 - INFO  [           main] rMethodMapping$MappingRegistry : Mapped "{[/user/export],methods=[GET]}" onto public void com.jacques.shiro.controller.UserController.exportUser(javax.servlet.http.HttpServletResponse) throws java.lang.Exception
2020-12-31 10:03:17.739 - INFO  [           main] rMethodMapping$MappingRegistry : Mapped "{[/user/login],methods=[GET]}" onto public com.jacques.shiro.entity.Result<java.lang.String> com.jacques.shiro.controller.UserController.login(java.lang.String,java.lang.String)
2020-12-31 10:03:17.740 - INFO  [           main] rMethodMapping$MappingRegistry : Mapped "{[/user/logout],methods=[GET]}" onto public com.jacques.shiro.entity.Result<java.lang.String> com.jacques.shiro.controller.UserController.logout()
2020-12-31 10:03:17.740 - INFO  [           main] rMethodMapping$MappingRegistry : Mapped "{[/user/selectDetails],methods=[GET]}" onto public com.jacques.shiro.entity.Result<com.jacques.shiro.pojo.User> com.jacques.shiro.controller.UserController.selectDetails(long)
2020-12-31 10:03:17.741 - INFO  [           main] rMethodMapping$MappingRegistry : Mapped "{[/error]}" onto public org.springframework.http.ResponseEntity<java.util.Map<java.lang.String, java.lang.Object>> org.springframework.boot.autoconfigure.web.servlet.error.BasicErrorController.error(javax.servlet.http.HttpServletRequest)
2020-12-31 10:03:17.742 - INFO  [           main] rMethodMapping$MappingRegistry : Mapped "{[/error],produces=[text/html]}" onto public org.springframework.web.servlet.ModelAndView org.springframework.boot.autoconfigure.web.servlet.error.BasicErrorController.errorHtml(javax.servlet.http.HttpServletRequest,javax.servlet.http.HttpServletResponse)
2020-12-31 10:03:17.766 - INFO  [           main] .s.h.AbstractUrlHandlerMapping : Mapped URL path [/webjars/**] onto handler of type [class org.springframework.web.servlet.resource.ResourceHttpRequestHandler]
2020-12-31 10:03:17.766 - INFO  [           main] .s.h.AbstractUrlHandlerMapping : Mapped URL path [/**] onto handler of type [class org.springframework.web.servlet.resource.ResourceHttpRequestHandler]
2020-12-31 10:03:17.799 - INFO  [           main] eptionHandlerExceptionResolver : Detected @ExceptionHandler methods in commonExceptionHandler
2020-12-31 10:03:18.032 - INFO  [           main] o.s.j.e.MBeanExporter          : Registering beans for JMX exposure on startup
2020-12-31 10:03:18.033 - INFO  [           main] o.s.j.e.MBeanExporter          : Bean with name 'dataSource' has been autodetected for JMX exposure
2020-12-31 10:03:18.036 - INFO  [           main] o.s.j.e.MBeanExporter          : Located MBean 'dataSource': registering with JMX server as MBean [com.zaxxer.hikari:name=dataSource,type=HikariDataSource]
2020-12-31 10:03:18.044 - INFO  [           main] o.a.j.l.DirectJDKLog           : Starting ProtocolHandler ["http-nio-10001"]
2020-12-31 10:03:18.053 - INFO  [           main] o.a.j.l.DirectJDKLog           : Using a shared selector for servlet write/read
2020-12-31 10:03:18.063 - INFO  [           main] o.s.b.w.e.t.TomcatWebServer    : Tomcat started on port(s): 10001 (http) with context path ''
2020-12-31 10:03:18.066 - INFO  [           main] o.s.b.StartupInfoLogger        : Started ShiroApplication in 2.979 seconds (JVM running for 4.349)
2020-12-31 10:06:03.272 - INFO  [           main] o.s.b.StartupInfoLogger        : Starting ShiroApplication on MS-VCOFWXPKBFER with PID 14980 (D:\Code\Project\my\shiro\target\classes started by Administrator in D:\Code\Project\my\shiro)
2020-12-31 10:06:03.306 - INFO  [           main] o.s.b.SpringApplication        : The following profiles are active: shiro,option,db
2020-12-31 10:06:03.332 - INFO  [           main] c.s.AbstractApplicationContext : Refreshing org.springframework.boot.web.servlet.context.AnnotationConfigServletWebServerApplicationContext@1224144a: startup date [Thu Dec 31 10:06:03 CST 2020]; root of context hierarchy
2020-12-31 10:06:03.929 - INFO  [           main] egate$BeanPostProcessorChecker : Bean 'org.springframework.transaction.annotation.ProxyTransactionManagementConfiguration' of type [org.springframework.transaction.annotation.ProxyTransactionManagementConfiguration$$EnhancerBySpringCGLIB$$a284dede] is not eligible for getting processed by all BeanPostProcessors (for example: not eligible for auto-proxying)
2020-12-31 10:06:04.004 - INFO  [           main] egate$BeanPostProcessorChecker : Bean 'shiroConfiguration' of type [com.jacques.shiro.shiro.ShiroConfiguration$$EnhancerBySpringCGLIB$$df50ffff] is not eligible for getting processed by all BeanPostProcessors (for example: not eligible for auto-proxying)
2020-12-31 10:06:04.040 - INFO  [           main] egate$BeanPostProcessorChecker : Bean 'org.springframework.boot.context.properties.ConversionServiceDeducer$Factory' of type [org.springframework.boot.context.properties.ConversionServiceDeducer$Factory] is not eligible for getting processed by all BeanPostProcessors (for example: not eligible for auto-proxying)
2020-12-31 10:06:04.079 - INFO  [           main] egate$BeanPostProcessorChecker : Bean 'mybatis-org.mybatis.spring.boot.autoconfigure.MybatisProperties' of type [org.mybatis.spring.boot.autoconfigure.MybatisProperties] is not eligible for getting processed by all BeanPostProcessors (for example: not eligible for auto-proxying)
2020-12-31 10:06:04.088 - INFO  [           main] egate$BeanPostProcessorChecker : Bean 'org.mybatis.spring.boot.autoconfigure.MybatisAutoConfiguration' of type [org.mybatis.spring.boot.autoconfigure.MybatisAutoConfiguration$$EnhancerBySpringCGLIB$$d559300e] is not eligible for getting processed by all BeanPostProcessors (for example: not eligible for auto-proxying)
2020-12-31 10:06:04.091 - INFO  [           main] egate$BeanPostProcessorChecker : Bean 'org.springframework.boot.autoconfigure.jdbc.DataSourceConfiguration$Hikari' of type [org.springframework.boot.autoconfigure.jdbc.DataSourceConfiguration$Hikari] is not eligible for getting processed by all BeanPostProcessors (for example: not eligible for auto-proxying)
2020-12-31 10:06:04.100 - INFO  [           main] egate$BeanPostProcessorChecker : Bean 'spring.datasource-org.springframework.boot.autoconfigure.jdbc.DataSourceProperties' of type [org.springframework.boot.autoconfigure.jdbc.DataSourceProperties] is not eligible for getting processed by all BeanPostProcessors (for example: not eligible for auto-proxying)
2020-12-31 10:06:04.118 - INFO  [           main] egate$BeanPostProcessorChecker : Bean 'dataSource' of type [com.zaxxer.hikari.HikariDataSource] is not eligible for getting processed by all BeanPostProcessors (for example: not eligible for auto-proxying)
2020-12-31 10:06:04.129 - INFO  [           main] egate$BeanPostProcessorChecker : Bean 'org.springframework.boot.autoconfigure.jdbc.DataSourceInitializerInvoker' of type [org.springframework.boot.autoconfigure.jdbc.DataSourceInitializerInvoker] is not eligible for getting processed by all BeanPostProcessors (for example: not eligible for auto-proxying)
2020-12-31 10:06:04.259 - INFO  [           main] egate$BeanPostProcessorChecker : Bean 'sqlSessionFactory' of type [org.apache.ibatis.session.defaults.DefaultSqlSessionFactory] is not eligible for getting processed by all BeanPostProcessors (for example: not eligible for auto-proxying)
2020-12-31 10:06:04.266 - INFO  [           main] egate$BeanPostProcessorChecker : Bean 'sqlSessionTemplate' of type [org.mybatis.spring.SqlSessionTemplate] is not eligible for getting processed by all BeanPostProcessors (for example: not eligible for auto-proxying)
2020-12-31 10:06:04.268 - INFO  [           main] egate$BeanPostProcessorChecker : Bean 'userDao' of type [org.mybatis.spring.mapper.MapperFactoryBean] is not eligible for getting processed by all BeanPostProcessors (for example: not eligible for auto-proxying)
2020-12-31 10:06:04.270 - INFO  [           main] egate$BeanPostProcessorChecker : Bean 'userDao' of type [com.sun.proxy.$Proxy90] is not eligible for getting processed by all BeanPostProcessors (for example: not eligible for auto-proxying)
2020-12-31 10:06:04.273 - INFO  [           main] egate$BeanPostProcessorChecker : Bean 'userService' of type [com.jacques.shiro.service.UserService] is not eligible for getting processed by all BeanPostProcessors (for example: not eligible for auto-proxying)
2020-12-31 10:06:04.293 - INFO  [           main] egate$BeanPostProcessorChecker : Bean 'roleDao' of type [org.mybatis.spring.mapper.MapperFactoryBean] is not eligible for getting processed by all BeanPostProcessors (for example: not eligible for auto-proxying)
2020-12-31 10:06:04.294 - INFO  [           main] egate$BeanPostProcessorChecker : Bean 'roleDao' of type [com.sun.proxy.$Proxy92] is not eligible for getting processed by all BeanPostProcessors (for example: not eligible for auto-proxying)
2020-12-31 10:06:04.295 - INFO  [           main] egate$BeanPostProcessorChecker : Bean 'roleService' of type [com.jacques.shiro.service.RoleService] is not eligible for getting processed by all BeanPostProcessors (for example: not eligible for auto-proxying)
2020-12-31 10:06:04.300 - INFO  [           main] egate$BeanPostProcessorChecker : Bean 'permissionMapper' of type [org.mybatis.spring.mapper.MapperFactoryBean] is not eligible for getting processed by all BeanPostProcessors (for example: not eligible for auto-proxying)
2020-12-31 10:06:04.301 - INFO  [           main] egate$BeanPostProcessorChecker : Bean 'permissionMapper' of type [com.sun.proxy.$Proxy93] is not eligible for getting processed by all BeanPostProcessors (for example: not eligible for auto-proxying)
2020-12-31 10:06:04.302 - INFO  [           main] egate$BeanPostProcessorChecker : Bean 'permissionService' of type [com.jacques.shiro.service.PermissionService] is not eligible for getting processed by all BeanPostProcessors (for example: not eligible for auto-proxying)
2020-12-31 10:06:04.305 - INFO  [           main] egate$BeanPostProcessorChecker : Bean 'getPermissionRealm' of type [com.jacques.shiro.shiro.realm.PermissionRealm] is not eligible for getting processed by all BeanPostProcessors (for example: not eligible for auto-proxying)
2020-12-31 10:06:04.433 - INFO  [           main] egate$BeanPostProcessorChecker : Bean 'getSecurityManager' of type [org.apache.shiro.web.mgt.DefaultWebSecurityManager] is not eligible for getting processed by all BeanPostProcessors (for example: not eligible for auto-proxying)
2020-12-31 10:06:04.441 - INFO  [           main] egate$BeanPostProcessorChecker : Bean 'authorizationAttributeSourceAdvisor' of type [org.apache.shiro.spring.security.interceptor.AuthorizationAttributeSourceAdvisor] is not eligible for getting processed by all BeanPostProcessors (for example: not eligible for auto-proxying)
2020-12-31 10:06:04.689 - INFO  [           main] o.s.b.w.e.t.TomcatWebServer    : Tomcat initialized with port(s): 10001 (http)
2020-12-31 10:06:04.697 - INFO  [           main] o.a.j.l.DirectJDKLog           : Initializing ProtocolHandler ["http-nio-10001"]
2020-12-31 10:06:04.704 - INFO  [           main] o.a.j.l.DirectJDKLog           : Starting service [Tomcat]
2020-12-31 10:06:04.705 - INFO  [           main] o.a.j.l.DirectJDKLog           : Starting Servlet Engine: Apache Tomcat/8.5.34
2020-12-31 10:06:04.707 - INFO  [ost-startStop-1] o.a.j.l.DirectJDKLog           : Loaded APR based Apache Tomcat Native library [1.2.24] using APR version [1.7.0].
2020-12-31 10:06:04.707 - INFO  [ost-startStop-1] o.a.j.l.DirectJDKLog           : APR capabilities: IPv6 [true], sendfile [true], accept filters [false], random [true].
2020-12-31 10:06:04.707 - INFO  [ost-startStop-1] o.a.j.l.DirectJDKLog           : APR/OpenSSL configuration: useAprConnector [false], useOpenSSL [true]
2020-12-31 10:06:04.710 - INFO  [ost-startStop-1] o.a.j.l.DirectJDKLog           : OpenSSL successfully initialized [OpenSSL 1.1.1g  21 Apr 2020]
2020-12-31 10:06:04.796 - INFO  [ost-startStop-1] o.a.j.l.DirectJDKLog           : Initializing Spring embedded WebApplicationContext
2020-12-31 10:06:04.797 - INFO  [ost-startStop-1] letWebServerApplicationContext : Root WebApplicationContext: initialization completed in 1465 ms
2020-12-31 10:06:04.866 - INFO  [ost-startStop-1] .b.w.s.ServletRegistrationBean : Servlet dispatcherServlet mapped to [/]
2020-12-31 10:06:04.869 - INFO  [ost-startStop-1] AbstractFilterRegistrationBean : Mapping filter: 'characterEncodingFilter' to: [/*]
2020-12-31 10:06:04.870 - INFO  [ost-startStop-1] AbstractFilterRegistrationBean : Mapping filter: 'hiddenHttpMethodFilter' to: [/*]
2020-12-31 10:06:04.870 - INFO  [ost-startStop-1] AbstractFilterRegistrationBean : Mapping filter: 'httpPutFormContentFilter' to: [/*]
2020-12-31 10:06:04.870 - INFO  [ost-startStop-1] AbstractFilterRegistrationBean : Mapping filter: 'requestContextFilter' to: [/*]
2020-12-31 10:06:04.870 - INFO  [ost-startStop-1] AbstractFilterRegistrationBean : Mapping filter: 'shiroFilter' to: [/*]
2020-12-31 10:06:05.152 - INFO  [           main] .s.h.AbstractUrlHandlerMapping : Mapped URL path [/**/favicon.ico] onto handler of type [class org.springframework.web.servlet.resource.ResourceHttpRequestHandler]
2020-12-31 10:06:05.309 - INFO  [           main] a.RequestMappingHandlerAdapter : Looking for @ControllerAdvice: org.springframework.boot.web.servlet.context.AnnotationConfigServletWebServerApplicationContext@1224144a: startup date [Thu Dec 31 10:06:03 CST 2020]; root of context hierarchy
2020-12-31 10:06:05.347 - INFO  [           main] rMethodMapping$MappingRegistry : Mapped "{[/permission/queryList],methods=[POST]}" onto public com.jacques.shiro.entity.Result com.jacques.shiro.controller.PermissionController.queryList(com.jacques.shiro.pojo.Permission,int,int)
2020-12-31 10:06:05.348 - INFO  [           main] rMethodMapping$MappingRegistry : Mapped "{[/role/queryList],methods=[POST]}" onto public com.jacques.shiro.entity.Result com.jacques.shiro.controller.RoleController.queryList(com.jacques.shiro.pojo.Role,int,int)
2020-12-31 10:06:05.349 - INFO  [           main] rMethodMapping$MappingRegistry : Mapped "{[/syslog/queryList],methods=[POST]}" onto public com.jacques.shiro.entity.Result com.jacques.shiro.controller.SysLogController.queryList(com.jacques.shiro.pojo.SysLog,int,int)
2020-12-31 10:06:05.351 - INFO  [           main] rMethodMapping$MappingRegistry : Mapped "{[/user/details],methods=[GET]}" onto public com.jacques.shiro.entity.Result<com.jacques.shiro.pojo.User> com.jacques.shiro.controller.UserController.details()
2020-12-31 10:06:05.351 - INFO  [           main] rMethodMapping$MappingRegistry : Mapped "{[/user/queryList],methods=[POST]}" onto public com.jacques.shiro.entity.Result<com.github.pagehelper.PageInfo<com.jacques.shiro.pojo.User>> com.jacques.shiro.controller.UserController.queryList(com.jacques.shiro.pojo.User,int,int)
2020-12-31 10:06:05.351 - INFO  [           main] rMethodMapping$MappingRegistry : Mapped "{[/user/selectDetails],methods=[GET]}" onto public com.jacques.shiro.entity.Result<com.jacques.shiro.pojo.User> com.jacques.shiro.controller.UserController.selectDetails(long)
2020-12-31 10:06:05.351 - INFO  [           main] rMethodMapping$MappingRegistry : Mapped "{[/user/import],methods=[POST]}" onto public com.jacques.shiro.entity.Result<java.lang.String> com.jacques.shiro.controller.UserController.importUser(org.springframework.web.multipart.MultipartFile) throws java.io.IOException
2020-12-31 10:06:05.352 - INFO  [           main] rMethodMapping$MappingRegistry : Mapped "{[/user/logout],methods=[GET]}" onto public com.jacques.shiro.entity.Result<java.lang.String> com.jacques.shiro.controller.UserController.logout()
2020-12-31 10:06:05.352 - INFO  [           main] rMethodMapping$MappingRegistry : Mapped "{[/user/login],methods=[GET]}" onto public com.jacques.shiro.entity.Result<java.lang.String> com.jacques.shiro.controller.UserController.login(java.lang.String,java.lang.String)
2020-12-31 10:06:05.352 - INFO  [           main] rMethodMapping$MappingRegistry : Mapped "{[/user/upd],methods=[GET]}" onto public com.jacques.shiro.entity.Result<java.lang.String> com.jacques.shiro.controller.UserController.upd()
2020-12-31 10:06:05.352 - INFO  [           main] rMethodMapping$MappingRegistry : Mapped "{[/user/export],methods=[GET]}" onto public void com.jacques.shiro.controller.UserController.exportUser(javax.servlet.http.HttpServletResponse) throws java.lang.Exception
2020-12-31 10:06:05.354 - INFO  [           main] rMethodMapping$MappingRegistry : Mapped "{[/error]}" onto public org.springframework.http.ResponseEntity<java.util.Map<java.lang.String, java.lang.Object>> org.springframework.boot.autoconfigure.web.servlet.error.BasicErrorController.error(javax.servlet.http.HttpServletRequest)
2020-12-31 10:06:05.354 - INFO  [           main] rMethodMapping$MappingRegistry : Mapped "{[/error],produces=[text/html]}" onto public org.springframework.web.servlet.ModelAndView org.springframework.boot.autoconfigure.web.servlet.error.BasicErrorController.errorHtml(javax.servlet.http.HttpServletRequest,javax.servlet.http.HttpServletResponse)
2020-12-31 10:06:05.379 - INFO  [           main] .s.h.AbstractUrlHandlerMapping : Mapped URL path [/webjars/**] onto handler of type [class org.springframework.web.servlet.resource.ResourceHttpRequestHandler]
2020-12-31 10:06:05.379 - INFO  [           main] .s.h.AbstractUrlHandlerMapping : Mapped URL path [/**] onto handler of type [class org.springframework.web.servlet.resource.ResourceHttpRequestHandler]
2020-12-31 10:06:05.393 - INFO  [           main] eptionHandlerExceptionResolver : Detected @ExceptionHandler methods in commonExceptionHandler
2020-12-31 10:06:05.595 - INFO  [           main] o.s.j.e.MBeanExporter          : Registering beans for JMX exposure on startup
2020-12-31 10:06:05.596 - INFO  [           main] o.s.j.e.MBeanExporter          : Bean with name 'dataSource' has been autodetected for JMX exposure
2020-12-31 10:06:05.600 - INFO  [           main] o.s.j.e.MBeanExporter          : Located MBean 'dataSource': registering with JMX server as MBean [com.zaxxer.hikari:name=dataSource,type=HikariDataSource]
2020-12-31 10:06:05.606 - INFO  [           main] o.a.j.l.DirectJDKLog           : Starting ProtocolHandler ["http-nio-10001"]
2020-12-31 10:06:05.615 - INFO  [           main] o.a.j.l.DirectJDKLog           : Using a shared selector for servlet write/read
2020-12-31 10:06:05.624 - INFO  [           main] o.s.b.w.e.t.TomcatWebServer    : Tomcat started on port(s): 10001 (http) with context path ''
2020-12-31 10:06:05.627 - INFO  [           main] o.s.b.StartupInfoLogger        : Started ShiroApplication in 2.635 seconds (JVM running for 3.813)
2020-12-31 10:11:32.514 - INFO  [           main] o.s.b.StartupInfoLogger        : Starting ShiroApplication on MS-VCOFWXPKBFER with PID 140 (D:\Code\Project\my\shiro\target\classes started by Administrator in D:\Code\Project\my\shiro)
2020-12-31 10:11:32.519 - INFO  [           main] o.s.b.SpringApplication        : The following profiles are active: shiro,option,db
2020-12-31 10:11:32.584 - INFO  [           main] c.s.AbstractApplicationContext : Refreshing org.springframework.boot.web.servlet.context.AnnotationConfigServletWebServerApplicationContext@660acfb: startup date [Thu Dec 31 10:11:32 CST 2020]; root of context hierarchy
2020-12-31 10:11:33.122 - INFO  [           main] egate$BeanPostProcessorChecker : Bean 'org.springframework.transaction.annotation.ProxyTransactionManagementConfiguration' of type [org.springframework.transaction.annotation.ProxyTransactionManagementConfiguration$$EnhancerBySpringCGLIB$$1a2029c4] is not eligible for getting processed by all BeanPostProcessors (for example: not eligible for auto-proxying)
2020-12-31 10:11:33.190 - INFO  [           main] egate$BeanPostProcessorChecker : Bean 'shiroConfiguration' of type [com.jacques.shiro.shiro.ShiroConfiguration$$EnhancerBySpringCGLIB$$56ec4ae5] is not eligible for getting processed by all BeanPostProcessors (for example: not eligible for auto-proxying)
2020-12-31 10:11:33.218 - INFO  [           main] egate$BeanPostProcessorChecker : Bean 'org.springframework.boot.context.properties.ConversionServiceDeducer$Factory' of type [org.springframework.boot.context.properties.ConversionServiceDeducer$Factory] is not eligible for getting processed by all BeanPostProcessors (for example: not eligible for auto-proxying)
2020-12-31 10:11:33.256 - INFO  [           main] egate$BeanPostProcessorChecker : Bean 'mybatis-org.mybatis.spring.boot.autoconfigure.MybatisProperties' of type [org.mybatis.spring.boot.autoconfigure.MybatisProperties] is not eligible for getting processed by all BeanPostProcessors (for example: not eligible for auto-proxying)
2020-12-31 10:11:33.263 - INFO  [           main] egate$BeanPostProcessorChecker : Bean 'org.mybatis.spring.boot.autoconfigure.MybatisAutoConfiguration' of type [org.mybatis.spring.boot.autoconfigure.MybatisAutoConfiguration$$EnhancerBySpringCGLIB$$4cf47af4] is not eligible for getting processed by all BeanPostProcessors (for example: not eligible for auto-proxying)
2020-12-31 10:11:33.267 - INFO  [           main] egate$BeanPostProcessorChecker : Bean 'org.springframework.boot.autoconfigure.jdbc.DataSourceConfiguration$Hikari' of type [org.springframework.boot.autoconfigure.jdbc.DataSourceConfiguration$Hikari] is not eligible for getting processed by all BeanPostProcessors (for example: not eligible for auto-proxying)
2020-12-31 10:11:33.276 - INFO  [           main] egate$BeanPostProcessorChecker : Bean 'spring.datasource-org.springframework.boot.autoconfigure.jdbc.DataSourceProperties' of type [org.springframework.boot.autoconfigure.jdbc.DataSourceProperties] is not eligible for getting processed by all BeanPostProcessors (for example: not eligible for auto-proxying)
2020-12-31 10:11:33.291 - INFO  [           main] egate$BeanPostProcessorChecker : Bean 'dataSource' of type [com.zaxxer.hikari.HikariDataSource] is not eligible for getting processed by all BeanPostProcessors (for example: not eligible for auto-proxying)
2020-12-31 10:11:33.302 - INFO  [           main] egate$BeanPostProcessorChecker : Bean 'org.springframework.boot.autoconfigure.jdbc.DataSourceInitializerInvoker' of type [org.springframework.boot.autoconfigure.jdbc.DataSourceInitializerInvoker] is not eligible for getting processed by all BeanPostProcessors (for example: not eligible for auto-proxying)
2020-12-31 10:11:33.381 - INFO  [           main] egate$BeanPostProcessorChecker : Bean 'sqlSessionFactory' of type [org.apache.ibatis.session.defaults.DefaultSqlSessionFactory] is not eligible for getting processed by all BeanPostProcessors (for example: not eligible for auto-proxying)
2020-12-31 10:11:33.389 - INFO  [           main] egate$BeanPostProcessorChecker : Bean 'sqlSessionTemplate' of type [org.mybatis.spring.SqlSessionTemplate] is not eligible for getting processed by all BeanPostProcessors (for example: not eligible for auto-proxying)
2020-12-31 10:11:33.392 - INFO  [           main] egate$BeanPostProcessorChecker : Bean 'userDao' of type [org.mybatis.spring.mapper.MapperFactoryBean] is not eligible for getting processed by all BeanPostProcessors (for example: not eligible for auto-proxying)
2020-12-31 10:11:33.395 - INFO  [           main] egate$BeanPostProcessorChecker : Bean 'userDao' of type [com.sun.proxy.$Proxy90] is not eligible for getting processed by all BeanPostProcessors (for example: not eligible for auto-proxying)
2020-12-31 10:11:33.397 - INFO  [           main] egate$BeanPostProcessorChecker : Bean 'userService' of type [com.jacques.shiro.service.UserService] is not eligible for getting processed by all BeanPostProcessors (for example: not eligible for auto-proxying)
2020-12-31 10:11:33.415 - INFO  [           main] egate$BeanPostProcessorChecker : Bean 'roleDao' of type [org.mybatis.spring.mapper.MapperFactoryBean] is not eligible for getting processed by all BeanPostProcessors (for example: not eligible for auto-proxying)
2020-12-31 10:11:33.416 - INFO  [           main] egate$BeanPostProcessorChecker : Bean 'roleDao' of type [com.sun.proxy.$Proxy92] is not eligible for getting processed by all BeanPostProcessors (for example: not eligible for auto-proxying)
2020-12-31 10:11:33.416 - INFO  [           main] egate$BeanPostProcessorChecker : Bean 'roleService' of type [com.jacques.shiro.service.RoleService] is not eligible for getting processed by all BeanPostProcessors (for example: not eligible for auto-proxying)
2020-12-31 10:11:33.422 - INFO  [           main] egate$BeanPostProcessorChecker : Bean 'permissionMapper' of type [org.mybatis.spring.mapper.MapperFactoryBean] is not eligible for getting processed by all BeanPostProcessors (for example: not eligible for auto-proxying)
2020-12-31 10:11:33.422 - INFO  [           main] egate$BeanPostProcessorChecker : Bean 'permissionMapper' of type [com.sun.proxy.$Proxy93] is not eligible for getting processed by all BeanPostProcessors (for example: not eligible for auto-proxying)
2020-12-31 10:11:33.423 - INFO  [           main] egate$BeanPostProcessorChecker : Bean 'permissionService' of type [com.jacques.shiro.service.PermissionService] is not eligible for getting processed by all BeanPostProcessors (for example: not eligible for auto-proxying)
2020-12-31 10:11:33.426 - INFO  [           main] egate$BeanPostProcessorChecker : Bean 'getPermissionRealm' of type [com.jacques.shiro.shiro.realm.PermissionRealm] is not eligible for getting processed by all BeanPostProcessors (for example: not eligible for auto-proxying)
2020-12-31 10:11:33.505 - INFO  [           main] egate$BeanPostProcessorChecker : Bean 'getSecurityManager' of type [org.apache.shiro.web.mgt.DefaultWebSecurityManager] is not eligible for getting processed by all BeanPostProcessors (for example: not eligible for auto-proxying)
2020-12-31 10:11:33.513 - INFO  [           main] egate$BeanPostProcessorChecker : Bean 'authorizationAttributeSourceAdvisor' of type [org.apache.shiro.spring.security.interceptor.AuthorizationAttributeSourceAdvisor] is not eligible for getting processed by all BeanPostProcessors (for example: not eligible for auto-proxying)
2020-12-31 10:11:33.803 - INFO  [           main] o.s.b.w.e.t.TomcatWebServer    : Tomcat initialized with port(s): 10001 (http)
2020-12-31 10:11:33.811 - INFO  [           main] o.a.j.l.DirectJDKLog           : Initializing ProtocolHandler ["http-nio-10001"]
2020-12-31 10:11:33.817 - INFO  [           main] o.a.j.l.DirectJDKLog           : Starting service [Tomcat]
2020-12-31 10:11:33.818 - INFO  [           main] o.a.j.l.DirectJDKLog           : Starting Servlet Engine: Apache Tomcat/8.5.34
2020-12-31 10:11:33.821 - INFO  [ost-startStop-1] o.a.j.l.DirectJDKLog           : Loaded APR based Apache Tomcat Native library [1.2.24] using APR version [1.7.0].
2020-12-31 10:11:33.821 - INFO  [ost-startStop-1] o.a.j.l.DirectJDKLog           : APR capabilities: IPv6 [true], sendfile [true], accept filters [false], random [true].
2020-12-31 10:11:33.822 - INFO  [ost-startStop-1] o.a.j.l.DirectJDKLog           : APR/OpenSSL configuration: useAprConnector [false], useOpenSSL [true]
2020-12-31 10:11:33.824 - INFO  [ost-startStop-1] o.a.j.l.DirectJDKLog           : OpenSSL successfully initialized [OpenSSL 1.1.1g  21 Apr 2020]
2020-12-31 10:11:33.901 - INFO  [ost-startStop-1] o.a.j.l.DirectJDKLog           : Initializing Spring embedded WebApplicationContext
2020-12-31 10:11:33.902 - INFO  [ost-startStop-1] letWebServerApplicationContext : Root WebApplicationContext: initialization completed in 1318 ms
2020-12-31 10:11:33.961 - INFO  [ost-startStop-1] .b.w.s.ServletRegistrationBean : Servlet dispatcherServlet mapped to [/]
2020-12-31 10:11:33.963 - INFO  [ost-startStop-1] AbstractFilterRegistrationBean : Mapping filter: 'characterEncodingFilter' to: [/*]
2020-12-31 10:11:33.964 - INFO  [ost-startStop-1] AbstractFilterRegistrationBean : Mapping filter: 'hiddenHttpMethodFilter' to: [/*]
2020-12-31 10:11:33.964 - INFO  [ost-startStop-1] AbstractFilterRegistrationBean : Mapping filter: 'httpPutFormContentFilter' to: [/*]
2020-12-31 10:11:33.964 - INFO  [ost-startStop-1] AbstractFilterRegistrationBean : Mapping filter: 'requestContextFilter' to: [/*]
2020-12-31 10:11:33.964 - INFO  [ost-startStop-1] AbstractFilterRegistrationBean : Mapping filter: 'shiroFilter' to: [/*]
2020-12-31 10:11:34.209 - INFO  [           main] .s.h.AbstractUrlHandlerMapping : Mapped URL path [/**/favicon.ico] onto handler of type [class org.springframework.web.servlet.resource.ResourceHttpRequestHandler]
2020-12-31 10:11:34.356 - INFO  [           main] a.RequestMappingHandlerAdapter : Looking for @ControllerAdvice: org.springframework.boot.web.servlet.context.AnnotationConfigServletWebServerApplicationContext@660acfb: startup date [Thu Dec 31 10:11:32 CST 2020]; root of context hierarchy
2020-12-31 10:11:34.396 - INFO  [           main] rMethodMapping$MappingRegistry : Mapped "{[/permission/queryList],methods=[POST]}" onto public com.jacques.shiro.entity.Result com.jacques.shiro.controller.PermissionController.queryList(com.jacques.shiro.pojo.Permission,int,int)
2020-12-31 10:11:34.397 - INFO  [           main] rMethodMapping$MappingRegistry : Mapped "{[/role/queryList],methods=[POST]}" onto public com.jacques.shiro.entity.Result com.jacques.shiro.controller.RoleController.queryList(com.jacques.shiro.pojo.Role,int,int)
2020-12-31 10:11:34.397 - INFO  [           main] rMethodMapping$MappingRegistry : Mapped "{[/syslog/queryList],methods=[POST]}" onto public com.jacques.shiro.entity.Result com.jacques.shiro.controller.SysLogController.queryList(com.jacques.shiro.pojo.SysLog,int,int)
2020-12-31 10:11:34.399 - INFO  [           main] rMethodMapping$MappingRegistry : Mapped "{[/user/details],methods=[GET]}" onto public com.jacques.shiro.entity.Result<com.jacques.shiro.pojo.User> com.jacques.shiro.controller.UserController.details()
2020-12-31 10:11:34.400 - INFO  [           main] rMethodMapping$MappingRegistry : Mapped "{[/user/selectDetails],methods=[GET]}" onto public com.jacques.shiro.entity.Result<com.jacques.shiro.pojo.User> com.jacques.shiro.controller.UserController.selectDetails(long)
2020-12-31 10:11:34.400 - INFO  [           main] rMethodMapping$MappingRegistry : Mapped "{[/user/login],methods=[GET]}" onto public com.jacques.shiro.entity.Result<java.lang.String> com.jacques.shiro.controller.UserController.login(java.lang.String,java.lang.String)
2020-12-31 10:11:34.401 - INFO  [           main] rMethodMapping$MappingRegistry : Mapped "{[/user/upd],methods=[GET]}" onto public com.jacques.shiro.entity.Result<java.lang.String> com.jacques.shiro.controller.UserController.upd()
2020-12-31 10:11:34.401 - INFO  [           main] rMethodMapping$MappingRegistry : Mapped "{[/user/import],methods=[POST]}" onto public com.jacques.shiro.entity.Result<java.lang.String> com.jacques.shiro.controller.UserController.importUser(org.springframework.web.multipart.MultipartFile) throws java.io.IOException
2020-12-31 10:11:34.401 - INFO  [           main] rMethodMapping$MappingRegistry : Mapped "{[/user/queryList],methods=[POST]}" onto public com.jacques.shiro.entity.Result<com.github.pagehelper.PageInfo<com.jacques.shiro.pojo.User>> com.jacques.shiro.controller.UserController.queryList(com.jacques.shiro.pojo.User,int,int)
2020-12-31 10:11:34.401 - INFO  [           main] rMethodMapping$MappingRegistry : Mapped "{[/user/logout],methods=[GET]}" onto public com.jacques.shiro.entity.Result<java.lang.String> com.jacques.shiro.controller.UserController.logout()
2020-12-31 10:11:34.402 - INFO  [           main] rMethodMapping$MappingRegistry : Mapped "{[/user/export],methods=[GET]}" onto public void com.jacques.shiro.controller.UserController.exportUser(javax.servlet.http.HttpServletResponse) throws java.lang.Exception
2020-12-31 10:11:34.403 - INFO  [           main] rMethodMapping$MappingRegistry : Mapped "{[/error]}" onto public org.springframework.http.ResponseEntity<java.util.Map<java.lang.String, java.lang.Object>> org.springframework.boot.autoconfigure.web.servlet.error.BasicErrorController.error(javax.servlet.http.HttpServletRequest)
2020-12-31 10:11:34.404 - INFO  [           main] rMethodMapping$MappingRegistry : Mapped "{[/error],produces=[text/html]}" onto public org.springframework.web.servlet.ModelAndView org.springframework.boot.autoconfigure.web.servlet.error.BasicErrorController.errorHtml(javax.servlet.http.HttpServletRequest,javax.servlet.http.HttpServletResponse)
2020-12-31 10:11:34.431 - INFO  [           main] .s.h.AbstractUrlHandlerMapping : Mapped URL path [/webjars/**] onto handler of type [class org.springframework.web.servlet.resource.ResourceHttpRequestHandler]
2020-12-31 10:11:34.431 - INFO  [           main] .s.h.AbstractUrlHandlerMapping : Mapped URL path [/**] onto handler of type [class org.springframework.web.servlet.resource.ResourceHttpRequestHandler]
2020-12-31 10:11:34.446 - INFO  [           main] eptionHandlerExceptionResolver : Detected @ExceptionHandler methods in commonExceptionHandler
2020-12-31 10:11:34.672 - INFO  [           main] o.s.j.e.MBeanExporter          : Registering beans for JMX exposure on startup
2020-12-31 10:11:34.673 - INFO  [           main] o.s.j.e.MBeanExporter          : Bean with name 'dataSource' has been autodetected for JMX exposure
2020-12-31 10:11:34.676 - INFO  [           main] o.s.j.e.MBeanExporter          : Located MBean 'dataSource': registering with JMX server as MBean [com.zaxxer.hikari:name=dataSource,type=HikariDataSource]
2020-12-31 10:11:34.682 - INFO  [           main] o.a.j.l.DirectJDKLog           : Starting ProtocolHandler ["http-nio-10001"]
2020-12-31 10:11:34.691 - INFO  [           main] o.a.j.l.DirectJDKLog           : Using a shared selector for servlet write/read
2020-12-31 10:11:34.700 - INFO  [           main] o.s.b.w.e.t.TomcatWebServer    : Tomcat started on port(s): 10001 (http) with context path ''
2020-12-31 10:11:34.702 - INFO  [           main] o.s.b.StartupInfoLogger        : Started ShiroApplication in 2.452 seconds (JVM running for 3.462)
